c:\users\shunyangdong\source\repos\basicgame\pratical2\game\x64\debug\vc142.pdb
c:\users\shunyangdong\source\repos\basicgame\pratical2\game\x64\debug\vc142.idb
c:\users\shunyangdong\source\repos\basicgame\pratical2\game\x64\debug\zombie.obj
c:\users\shunyangdong\source\repos\basicgame\pratical2\game\x64\debug\walking_dino.obj
c:\users\shunyangdong\source\repos\basicgame\pratical2\game\x64\debug\vector_2d.obj
c:\users\shunyangdong\source\repos\basicgame\pratical2\game\x64\debug\texture.obj
c:\users\shunyangdong\source\repos\basicgame\pratical2\game\x64\debug\text.obj
c:\users\shunyangdong\source\repos\basicgame\pratical2\game\x64\debug\scene.obj
c:\users\shunyangdong\source\repos\basicgame\pratical2\game\x64\debug\man.obj
c:\users\shunyangdong\source\repos\basicgame\pratical2\game\x64\debug\input.obj
c:\users\shunyangdong\source\repos\basicgame\pratical2\game\x64\debug\girl.obj
c:\users\shunyangdong\source\repos\basicgame\pratical2\game\x64\debug\game_scene.obj
c:\users\shunyangdong\source\repos\basicgame\pratical2\game\x64\debug\game_object.obj
c:\users\shunyangdong\source\repos\basicgame\pratical2\game\x64\debug\game.obj
c:\users\shunyangdong\source\repos\basicgame\pratical2\game\x64\debug\engine.obj
c:\users\shunyangdong\source\repos\basicgame\pratical2\game\x64\debug\editor.obj
c:\users\shunyangdong\source\repos\basicgame\pratical2\game\x64\debug\dino.obj
c:\users\shunyangdong\source\repos\basicgame\pratical2\game\x64\debug\configuration.obj
c:\users\shunyangdong\source\repos\basicgame\pratical2\game\x64\debug\assets.obj
c:\users\shunyangdong\source\repos\basicgame\pratical2\game\x64\debug\asset.obj
c:\users\shunyangdong\source\repos\basicgame\pratical2\game\x64\debug\animated_texture.obj
c:\users\shunyangdong\source\repos\basicgame\pratical2\game\x64\debug\circle_2d.obj
c:\users\shunyangdong\source\repos\basicgame\pratical2\game\x64\debug\player.obj
c:\users\shunyangdong\source\repos\basicgame\pratical2\game\x64\debug\sound.obj
c:\users\shunyangdong\source\repos\basicgame\pratical2\game\x64\debug\portal_purple.obj
c:\users\shunyangdong\source\repos\basicgame\pratical2\game\x64\debug\portal_green.obj
c:\users\shunyangdong\source\repos\basicgame\pratical2\game\x64\debug\pause_scene.obj
c:\users\shunyangdong\source\repos\basicgame\pratical2\game\x64\debug\background.obj
c:\users\shunyangdong\source\repos\basicgame\pratical2\game\x64\debug\enemy.obj
c:\users\shunyangdong\source\repos\basicgame\pratical2\game\x64\debug\knight.obj
c:\users\shunyangdong\source\repos\basicgame\pratical2\game\x64\debug\sword.obj
c:\users\shunyangdong\source\repos\basicgame\pratical2\game\x64\debug\baby.obj
c:\users\shunyangdong\source\repos\basicgame\pratical2\game\x64\debug\game.exe
c:\users\shunyangdong\source\repos\basicgame\pratical2\game\x64\debug\game.ilk
c:\users\shunyangdong\source\repos\basicgame\pratical2\game\x64\debug\game.pdb
c:\users\shunyangdong\source\repos\basicgame\pratical2\game\x64\debug\game.res
c:\users\shunyangdong\source\repos\basicgame\pratical2\game\x64\debug\game.tlog\cl.command.1.tlog
c:\users\shunyangdong\source\repos\basicgame\pratical2\game\x64\debug\game.tlog\cl.read.1.tlog
c:\users\shunyangdong\source\repos\basicgame\pratical2\game\x64\debug\game.tlog\cl.write.1.tlog
c:\users\shunyangdong\source\repos\basicgame\pratical2\game\x64\debug\game.tlog\link.command.1.tlog
c:\users\shunyangdong\source\repos\basicgame\pratical2\game\x64\debug\game.tlog\link.read.1.tlog
c:\users\shunyangdong\source\repos\basicgame\pratical2\game\x64\debug\game.tlog\link.write.1.tlog
c:\users\shunyangdong\source\repos\basicgame\pratical2\game\x64\debug\game.tlog\rc.command.1.tlog
c:\users\shunyangdong\source\repos\basicgame\pratical2\game\x64\debug\game.tlog\rc.read.1.tlog
c:\users\shunyangdong\source\repos\basicgame\pratical2\game\x64\debug\game.tlog\rc.write.1.tlog
